# JRE version: Java(TM) SE Runtime Environment (17.0.15+9) (build 17.0.15+9-LTS-241)
# Java VM: Java HotSpot(TM) 64-Bit Server VM (17.0.15+9-LTS-241, mixed mode, sharing, tiered, compressed oops, compressed class ptrs, g1 gc, windows-amd64)
GC Precious Log:
 CPUs: 4 total, 4 available
 Memory: 8097M
 Large Page Support: Disabled
 NUMA Support: Disabled
 Compressed Oops: Enabled (32-bit)
 Heap Region Size: 1M
 Heap Min Capacity: 8M
 Heap Initial Capacity: 128M
 Heap Max Capacity: 2G
 Pre-touch: Disabled
 Parallel Workers: 4
 Concurrent Workers: 1
 Concurrent Refinement Workers: 4
 Periodic GC: Disabled
Heap:
 garbage-first heap   total 546816K, used 294895K [0x0000000080000000, 0x0000000100000000)
  region size 1024K, 71 young (72704K), 2 survivors (2048K)
 Metaspace       used 197490K, committed 200064K, reserved 622592K
  class space    used 25092K, committed 26304K, reserved 425984K
GC Heap History (20 events):
Event: 8773.823 GC heap before
{Heap before GC invocations=200 (full 1):
 garbage-first heap   total 546816K, used 420592K [0x0000000080000000, 0x0000000100000000)
  region size 1024K, 245 young (250880K), 3 survivors (3072K)
 Metaspace       used 196633K, committed 198912K, reserved 622592K
  class space    used 24970K, committed 26048K, reserved 425984K
}
Event: 8774.013 GC heap after
{Heap after GC invocations=201 (full 1):
 garbage-first heap   total 546816K, used 200723K [0x0000000080000000, 0x0000000100000000)
  region size 1024K, 29 young (29696K), 29 survivors (29696K)
 Metaspace       used 196633K, committed 198912K, reserved 622592K
  class space    used 24970K, committed 26048K, reserved 425984K
}
Event: 8774.605 GC heap before
{Heap before GC invocations=201 (full 1):
 garbage-first heap   total 546816K, used 229395K [0x0000000080000000, 0x0000000100000000)
  region size 1024K, 58 young (59392K), 29 survivors (29696K)
 Metaspace       used 196680K, committed 198976K, reserved 622592K
  class space    used 24977K, committed 26048K, reserved 425984K
}
Event: 8774.707 GC heap after
{Heap after GC invocations=202 (full 1):
 garbage-first heap   total 546816K, used 204287K [0x0000000080000000, 0x0000000100000000)
  region size 1024K, 4 young (4096K), 4 survivors (4096K)
 Metaspace       used 196680K, committed 198976K, reserved 622592K
  class space    used 24977K, committed 26048K, reserved 425984K
}
Event: 8795.239 GC heap before
{Heap before GC invocations=203 (full 1):
 garbage-first heap   total 546816K, used 245247K [0x0000000080000000, 0x0000000100000000)
  region size 1024K, 44 young (45056K), 4 survivors (4096K)
 Metaspace       used 196714K, committed 198976K, reserved 622592K
  class space    used 24982K, committed 26048K, reserved 425984K
}
Event: 8795.259 GC heap after
{Heap after GC invocations=204 (full 1):
 garbage-first heap   total 546816K, used 205698K [0x0000000080000000, 0x0000000100000000)
  region size 1024K, 6 young (6144K), 6 survivors (6144K)
 Metaspace       used 196714K, committed 198976K, reserved 622592K
  class space    used 24982K, committed 26048K, reserved 425984K
}
Event: 8844.421 GC heap before
{Heap before GC invocations=204 (full 1):
 garbage-first heap   total 546816K, used 225154K [0x0000000080000000, 0x0000000100000000)
  region size 1024K, 26 young (26624K), 6 survivors (6144K)
 Metaspace       used 196744K, committed 199040K, reserved 622592K
  class space    used 24983K, committed 26048K, reserved 425984K
}
Event: 8844.440 GC heap after
{Heap after GC invocations=205 (full 1):
 garbage-first heap   total 546816K, used 206426K [0x0000000080000000, 0x0000000100000000)
  region size 1024K, 3 young (3072K), 3 survivors (3072K)
 Metaspace       used 196744K, committed 199040K, reserved 622592K
  class space    used 24983K, committed 26048K, reserved 425984K
}
Event: 8969.728 GC heap before
{Heap before GC invocations=205 (full 1):
 garbage-first heap   total 546816K, used 293466K [0x0000000080000000, 0x0000000100000000)
  region size 1024K, 89 young (91136K), 3 survivors (3072K)
 Metaspace       used 196832K, committed 199168K, reserved 622592K
  class space    used 24987K, committed 26112K, reserved 425984K
}
Event: 8969.751 GC heap after
{Heap after GC invocations=206 (full 1):
 garbage-first heap   total 546816K, used 211370K [0x0000000080000000, 0x0000000100000000)
  region size 1024K, 8 young (8192K), 8 survivors (8192K)
 Metaspace       used 196832K, committed 199168K, reserved 622592K
  class space    used 24987K, committed 26112K, reserved 425984K
}
Event: 8971.781 GC heap before
{Heap before GC invocations=207 (full 1):
 garbage-first heap   total 546816K, used 300458K [0x0000000080000000, 0x0000000100000000)
  region size 1024K, 95 young (97280K), 8 survivors (8192K)
 Metaspace       used 196938K, committed 199296K, reserved 622592K
  class space    used 24991K, committed 26112K, reserved 425984K
}
Event: 8971.850 GC heap after
{Heap after GC invocations=208 (full 1):
 garbage-first heap   total 546816K, used 222085K [0x0000000080000000, 0x0000000100000000)
  region size 1024K, 12 young (12288K), 12 survivors (12288K)
 Metaspace       used 196938K, committed 199296K, reserved 622592K
  class space    used 24991K, committed 26112K, reserved 425984K
}
Event: 8972.314 GC heap before
{Heap before GC invocations=208 (full 1):
 garbage-first heap   total 546816K, used 236421K [0x0000000080000000, 0x0000000100000000)
  region size 1024K, 26 young (26624K), 12 survivors (12288K)
 Metaspace       used 196954K, committed 199296K, reserved 622592K
  class space    used 24991K, committed 26112K, reserved 425984K
}
Event: 8972.379 GC heap after
{Heap after GC invocations=209 (full 1):
 garbage-first heap   total 546816K, used 225316K [0x0000000080000000, 0x0000000100000000)
  region size 1024K, 4 young (4096K), 4 survivors (4096K)
 Metaspace       used 196954K, committed 199296K, reserved 622592K
  class space    used 24991K, committed 26112K, reserved 425984K
}
Event: 8974.405 GC heap before
{Heap before GC invocations=209 (full 1):
 garbage-first heap   total 546816K, used 355364K [0x0000000080000000, 0x0000000100000000)
  region size 1024K, 131 young (134144K), 4 survivors (4096K)
 Metaspace       used 197266K, committed 199808K, reserved 622592K
  class space    used 25055K, committed 26240K, reserved 425984K
}
Event: 8974.456 GC heap after
{Heap after GC invocations=210 (full 1):
 garbage-first heap   total 546816K, used 238327K [0x0000000080000000, 0x0000000100000000)
  region size 1024K, 17 young (17408K), 17 survivors (17408K)
 Metaspace       used 197266K, committed 199808K, reserved 622592K
  class space    used 25055K, committed 26240K, reserved 425984K
}
Event: 11171.856 GC heap before
{Heap before GC invocations=211 (full 1):
 garbage-first heap   total 546816K, used 326391K [0x0000000080000000, 0x0000000100000000)
  region size 1024K, 113 young (115712K), 17 survivors (17408K)
 Metaspace       used 197390K, committed 199872K, reserved 622592K
  class space    used 25082K, committed 26240K, reserved 425984K
}
Event: 11172.338 GC heap after
{Heap after GC invocations=212 (full 1):
 garbage-first heap   total 546816K, used 229676K [0x0000000080000000, 0x0000000100000000)
  region size 1024K, 2 young (2048K), 2 survivors (2048K)
 Metaspace       used 197390K, committed 199872K, reserved 622592K
  class space    used 25082K, committed 26240K, reserved 425984K
}
Event: 12274.348 GC heap before
{Heap before GC invocations=212 (full 1):
 garbage-first heap   total 546816K, used 253228K [0x0000000080000000, 0x0000000100000000)
  region size 1024K, 26 young (26624K), 2 survivors (2048K)
 Metaspace       used 197390K, committed 199872K, reserved 622592K
  class space    used 25083K, committed 26240K, reserved 425984K
}
Event: 12274.420 GC heap after
{Heap after GC invocations=213 (full 1):
 garbage-first heap   total 546816K, used 225263K [0x0000000080000000, 0x0000000100000000)
  region size 1024K, 2 young (2048K), 2 survivors (2048K)
 Metaspace       used 197390K, committed 199872K, reserved 622592K
  class space    used 25083K, committed 26240K, reserved 425984K
}

